<testsuites id="" name="" tests="9" failures="5" skipped="0" errors="0" time="67.71511699999999">
<testsuite name="oauth-login-test.spec.js" timestamp="2025-09-03T15:57:41.562Z" hostname="chromium" tests="9" failures="5" skipped="0" time="315.437" errors="0">
<testcase name="Google OAuth 登入和註冊測試 › 檢查登入按鈕是否存在" classname="oauth-login-test.spec.js" time="3.822">
<system-out>
<![CDATA[✅ 登入按鈕存在並可見
]]>
</system-out>
</testcase>
<testcase name="Google OAuth 登入和註冊測試 › 點擊登入按鈕測試" classname="oauth-login-test.spec.js" time="60.235">
<failure message="oauth-login-test.spec.js:20:3 點擊登入按鈕測試" type="FAILURE">
<![CDATA[  [chromium] › oauth-login-test.spec.js:20:3 › Google OAuth 登入和註冊測試 › 點擊登入按鈕測試 ─────────────────────

    Test timeout of 60000ms exceeded while running "beforeEach" hook.

      4 | test.describe('Google OAuth 登入和註冊測試', () => {
      5 |   
    > 6 |   test.beforeEach(async ({ page }) => {
        |        ^
      7 |     // 前往主頁面
      8 |     await page.goto('/');
      9 |     await page.waitForLoadState('networkidle');
        at /Users/afu/Desktop/auto_trade/auto_trade/frontend/tests/oauth-login-test.spec.js:6:8

    Error: page.waitForLoadState: Test timeout of 60000ms exceeded.

       7 |     // 前往主頁面
       8 |     await page.goto('/');
    >  9 |     await page.waitForLoadState('networkidle');
         |                ^
      10 |   });
      11 |
      12 |   test('檢查登入按鈕是否存在', async ({ page }) => {
        at /Users/afu/Desktop/auto_trade/auto_trade/frontend/tests/oauth-login-test.spec.js:9:16

    attachment #1: screenshot (image/png) ──────────────────────────────────────────────────────────
    ../test-results/oauth-login-test-Google-OAuth-登入和註冊測試-點擊登入按鈕測試-chromium/test-failed-1.png
    ────────────────────────────────────────────────────────────────────────────────────────────────

    attachment #2: video (video/webm) ──────────────────────────────────────────────────────────────
    ../test-results/oauth-login-test-Google-OAuth-登入和註冊測試-點擊登入按鈕測試-chromium/video.webm
    ────────────────────────────────────────────────────────────────────────────────────────────────

    Error Context: ../test-results/oauth-login-test-Google-OAuth-登入和註冊測試-點擊登入按鈕測試-chromium/error-context.md
]]>
</failure>
<system-out>
<![CDATA[
[[ATTACHMENT|oauth-login-test-Google-OAuth-登入和註冊測試-點擊登入按鈕測試-chromium/test-failed-1.png]]

[[ATTACHMENT|oauth-login-test-Google-OAuth-登入和註冊測試-點擊登入按鈕測試-chromium/video.webm]]

[[ATTACHMENT|oauth-login-test-Google-OAuth-登入和註冊測試-點擊登入按鈕測試-chromium/error-context.md]]
]]>
</system-out>
</testcase>
<testcase name="Google OAuth 登入和註冊測試 › 檢查Google OAuth配置" classname="oauth-login-test.spec.js" time="3.784">
<system-out>
<![CDATA[✅ 前端JavaScript環境正常
]]>
</system-out>
</testcase>
<testcase name="Google OAuth 登入和註冊測試 › 測試後端認證端點" classname="oauth-login-test.spec.js" time="60.226">
<failure message="oauth-login-test.spec.js:51:3 測試後端認證端點" type="FAILURE">
<![CDATA[  [chromium] › oauth-login-test.spec.js:51:3 › Google OAuth 登入和註冊測試 › 測試後端認證端點 ─────────────────────

    Test timeout of 60000ms exceeded while running "beforeEach" hook.

      4 | test.describe('Google OAuth 登入和註冊測試', () => {
      5 |   
    > 6 |   test.beforeEach(async ({ page }) => {
        |        ^
      7 |     // 前往主頁面
      8 |     await page.goto('/');
      9 |     await page.waitForLoadState('networkidle');
        at /Users/afu/Desktop/auto_trade/auto_trade/frontend/tests/oauth-login-test.spec.js:6:8

    Error: page.waitForLoadState: Test timeout of 60000ms exceeded.

       7 |     // 前往主頁面
       8 |     await page.goto('/');
    >  9 |     await page.waitForLoadState('networkidle');
         |                ^
      10 |   });
      11 |
      12 |   test('檢查登入按鈕是否存在', async ({ page }) => {
        at /Users/afu/Desktop/auto_trade/auto_trade/frontend/tests/oauth-login-test.spec.js:9:16

    attachment #1: screenshot (image/png) ──────────────────────────────────────────────────────────
    ../test-results/oauth-login-test-Google-OAuth-登入和註冊測試-測試後端認證端點-chromium/test-failed-1.png
    ────────────────────────────────────────────────────────────────────────────────────────────────

    attachment #2: video (video/webm) ──────────────────────────────────────────────────────────────
    ../test-results/oauth-login-test-Google-OAuth-登入和註冊測試-測試後端認證端點-chromium/video.webm
    ────────────────────────────────────────────────────────────────────────────────────────────────

    Error Context: ../test-results/oauth-login-test-Google-OAuth-登入和註冊測試-測試後端認證端點-chromium/error-context.md
]]>
</failure>
<system-out>
<![CDATA[
[[ATTACHMENT|oauth-login-test-Google-OAuth-登入和註冊測試-測試後端認證端點-chromium/test-failed-1.png]]

[[ATTACHMENT|oauth-login-test-Google-OAuth-登入和註冊測試-測試後端認證端點-chromium/video.webm]]

[[ATTACHMENT|oauth-login-test-Google-OAuth-登入和註冊測試-測試後端認證端點-chromium/error-context.md]]
]]>
</system-out>
</testcase>
<testcase name="Google OAuth 登入和註冊測試 › 檢查後端OAuth端點" classname="oauth-login-test.spec.js" time="6.046">
<system-out>
<![CDATA[/api/auth/google/login: 200
/api/auth/google/callback: 200
/api/auth/register: 404
/api/auth/login: 404
]]>
</system-out>
</testcase>
<testcase name="Google OAuth 登入和註冊測試 › 檢查前端是否有Google OAuth按鈕" classname="oauth-login-test.spec.js" time="60.143">
<failure message="oauth-login-test.spec.js:85:3 檢查前端是否有Google OAuth按鈕" type="FAILURE">
<![CDATA[  [chromium] › oauth-login-test.spec.js:85:3 › Google OAuth 登入和註冊測試 › 檢查前端是否有Google OAuth按鈕 ────────

    Test timeout of 60000ms exceeded while running "beforeEach" hook.

      4 | test.describe('Google OAuth 登入和註冊測試', () => {
      5 |   
    > 6 |   test.beforeEach(async ({ page }) => {
        |        ^
      7 |     // 前往主頁面
      8 |     await page.goto('/');
      9 |     await page.waitForLoadState('networkidle');
        at /Users/afu/Desktop/auto_trade/auto_trade/frontend/tests/oauth-login-test.spec.js:6:8

    Error: page.waitForLoadState: Test timeout of 60000ms exceeded.

       7 |     // 前往主頁面
       8 |     await page.goto('/');
    >  9 |     await page.waitForLoadState('networkidle');
         |                ^
      10 |   });
      11 |
      12 |   test('檢查登入按鈕是否存在', async ({ page }) => {
        at /Users/afu/Desktop/auto_trade/auto_trade/frontend/tests/oauth-login-test.spec.js:9:16

    attachment #1: screenshot (image/png) ──────────────────────────────────────────────────────────
    ../test-results/oauth-login-test-Google-OAuth-登入和註冊測試-檢查前端是否有Google-OAuth按鈕-chromium/test-failed-1.png
    ────────────────────────────────────────────────────────────────────────────────────────────────

    attachment #2: video (video/webm) ──────────────────────────────────────────────────────────────
    ../test-results/oauth-login-test-Google-OAuth-登入和註冊測試-檢查前端是否有Google-OAuth按鈕-chromium/video.webm
    ────────────────────────────────────────────────────────────────────────────────────────────────

    Error Context: ../test-results/oauth-login-test-Google-OAuth-登入和註冊測試-檢查前端是否有Google-OAuth按鈕-chromium/error-context.md
]]>
</failure>
<system-out>
<![CDATA[
[[ATTACHMENT|oauth-login-test-Google-OAuth-登入和註冊測試-檢查前端是否有Google-OAuth按鈕-chromium/test-failed-1.png]]

[[ATTACHMENT|oauth-login-test-Google-OAuth-登入和註冊測試-檢查前端是否有Google-OAuth按鈕-chromium/video.webm]]

[[ATTACHMENT|oauth-login-test-Google-OAuth-登入和註冊測試-檢查前端是否有Google-OAuth按鈕-chromium/error-context.md]]
]]>
</system-out>
</testcase>
<testcase name="Google OAuth 登入和註冊測試 › 模擬註冊流程" classname="oauth-login-test.spec.js" time="60.151">
<failure message="oauth-login-test.spec.js:101:3 模擬註冊流程" type="FAILURE">
<![CDATA[  [chromium] › oauth-login-test.spec.js:101:3 › Google OAuth 登入和註冊測試 › 模擬註冊流程 ──────────────────────

    Test timeout of 60000ms exceeded while running "beforeEach" hook.

      4 | test.describe('Google OAuth 登入和註冊測試', () => {
      5 |   
    > 6 |   test.beforeEach(async ({ page }) => {
        |        ^
      7 |     // 前往主頁面
      8 |     await page.goto('/');
      9 |     await page.waitForLoadState('networkidle');
        at /Users/afu/Desktop/auto_trade/auto_trade/frontend/tests/oauth-login-test.spec.js:6:8

    Error: page.waitForLoadState: Test timeout of 60000ms exceeded.

       7 |     // 前往主頁面
       8 |     await page.goto('/');
    >  9 |     await page.waitForLoadState('networkidle');
         |                ^
      10 |   });
      11 |
      12 |   test('檢查登入按鈕是否存在', async ({ page }) => {
        at /Users/afu/Desktop/auto_trade/auto_trade/frontend/tests/oauth-login-test.spec.js:9:16

    attachment #1: screenshot (image/png) ──────────────────────────────────────────────────────────
    ../test-results/oauth-login-test-Google-OAuth-登入和註冊測試-模擬註冊流程-chromium/test-failed-1.png
    ────────────────────────────────────────────────────────────────────────────────────────────────

    attachment #2: video (video/webm) ──────────────────────────────────────────────────────────────
    ../test-results/oauth-login-test-Google-OAuth-登入和註冊測試-模擬註冊流程-chromium/video.webm
    ────────────────────────────────────────────────────────────────────────────────────────────────

    Error Context: ../test-results/oauth-login-test-Google-OAuth-登入和註冊測試-模擬註冊流程-chromium/error-context.md
]]>
</failure>
<system-out>
<![CDATA[
[[ATTACHMENT|oauth-login-test-Google-OAuth-登入和註冊測試-模擬註冊流程-chromium/test-failed-1.png]]

[[ATTACHMENT|oauth-login-test-Google-OAuth-登入和註冊測試-模擬註冊流程-chromium/video.webm]]

[[ATTACHMENT|oauth-login-test-Google-OAuth-登入和註冊測試-模擬註冊流程-chromium/error-context.md]]
]]>
</system-out>
</testcase>
<testcase name="Google OAuth 登入和註冊測試 › 檢查環境變數載入" classname="oauth-login-test.spec.js" time="60.13">
<failure message="oauth-login-test.spec.js:115:3 檢查環境變數載入" type="FAILURE">
<![CDATA[  [chromium] › oauth-login-test.spec.js:115:3 › Google OAuth 登入和註冊測試 › 檢查環境變數載入 ────────────────────

    Test timeout of 60000ms exceeded while running "beforeEach" hook.

      4 | test.describe('Google OAuth 登入和註冊測試', () => {
      5 |   
    > 6 |   test.beforeEach(async ({ page }) => {
        |        ^
      7 |     // 前往主頁面
      8 |     await page.goto('/');
      9 |     await page.waitForLoadState('networkidle');
        at /Users/afu/Desktop/auto_trade/auto_trade/frontend/tests/oauth-login-test.spec.js:6:8

    Error: page.waitForLoadState: Test timeout of 60000ms exceeded.

       7 |     // 前往主頁面
       8 |     await page.goto('/');
    >  9 |     await page.waitForLoadState('networkidle');
         |                ^
      10 |   });
      11 |
      12 |   test('檢查登入按鈕是否存在', async ({ page }) => {
        at /Users/afu/Desktop/auto_trade/auto_trade/frontend/tests/oauth-login-test.spec.js:9:16

    attachment #1: screenshot (image/png) ──────────────────────────────────────────────────────────
    ../test-results/oauth-login-test-Google-OAuth-登入和註冊測試-檢查環境變數載入-chromium/test-failed-1.png
    ────────────────────────────────────────────────────────────────────────────────────────────────

    attachment #2: video (video/webm) ──────────────────────────────────────────────────────────────
    ../test-results/oauth-login-test-Google-OAuth-登入和註冊測試-檢查環境變數載入-chromium/video.webm
    ────────────────────────────────────────────────────────────────────────────────────────────────

    Error Context: ../test-results/oauth-login-test-Google-OAuth-登入和註冊測試-檢查環境變數載入-chromium/error-context.md
]]>
</failure>
<system-out>
<![CDATA[
[[ATTACHMENT|oauth-login-test-Google-OAuth-登入和註冊測試-檢查環境變數載入-chromium/test-failed-1.png]]

[[ATTACHMENT|oauth-login-test-Google-OAuth-登入和註冊測試-檢查環境變數載入-chromium/video.webm]]

[[ATTACHMENT|oauth-login-test-Google-OAuth-登入和註冊測試-檢查環境變數載入-chromium/error-context.md]]
]]>
</system-out>
</testcase>
<testcase name="登入錯誤處理測試 › 測試無效登入處理" classname="oauth-login-test.spec.js" time="0.9">
<system-out>
<![CDATA[ℹ️ 沒有找到登入表單
]]>
</system-out>
</testcase>
</testsuite>
</testsuites>